[INFO ]_2019-03-05 10:14:47 :{dataSource-1} inited
  [INFO ]_2019-03-05 10:14:48 :{dataSource-2} inited
  [INFO ]_2019-03-05 10:44:11 :{dataSource-1} inited
  [INFO ]_2019-03-05 10:45:26 :{dataSource-1} inited
  [ERROR]_2019-03-05 10:45:27 :dal配置文件有误:Jobmate.b.insert,错误为：StatementCallback; bad SQL grammar [			

			111
	]; nested exception is com.mysql.jdbc.exceptions.jdbc4.MySQLSyntaxErrorException: You have an error in your SQL syntax; check the manual that corresponds to your MySQL server version for the right syntax to use near '111' at line 1
  [INFO ]_2019-03-05 10:46:10 :{dataSource-1} inited
  [ERROR]_2019-03-05 10:46:11 :dal配置文件有误:Jobmate.b.insert,错误为：StatementCallback; bad SQL grammar [			

			111
	]; nested exception is com.mysql.jdbc.exceptions.jdbc4.MySQLSyntaxErrorException: You have an error in your SQL syntax; check the manual that corresponds to your MySQL server version for the right syntax to use near '111' at line 1
  [INFO ]_2019-03-05 10:47:04 :{dataSource-1} inited
  [ERROR]_2019-03-05 10:47:05 :dal配置文件有误:Jobmate.b.insert,错误为：StatementCallback; bad SQL grammar [			

			111
	]; nested exception is com.mysql.jdbc.exceptions.jdbc4.MySQLSyntaxErrorException: You have an error in your SQL syntax; check the manual that corresponds to your MySQL server version for the right syntax to use near '111' at line 1
  [INFO ]_2019-03-05 10:48:03 :{dataSource-1} inited
  [INFO ]_2019-03-05 10:48:03 :{dataSource-2} inited
  [INFO ]_2019-03-05 10:48:59 :{dataSource-1} inited
  [INFO ]_2019-03-05 10:48:59 :{dataSource-2} inited
  [INFO ]_2019-03-05 10:49:21 :{dataSource-1} inited
  [INFO ]_2019-03-05 10:49:22 :{dataSource-2} inited
  [INFO ]_2019-03-05 10:50:27 :{dataSource-1} inited
  [INFO ]_2019-03-05 10:50:28 :{dataSource-2} inited
  